cl : command line  warning D9035: option 'Gm' has been deprecated and will be removed in a future release
  example1.cpp
D:\OpenGL\BaiTHso3_2_project_Cube\GLSLExperiment\example1.cpp(143,16): warning C4305: 'initializing': truncation from 'double' to 'GLfloat'
D:\OpenGL\BaiTHso3_2_project_Cube\GLSLExperiment\example1.cpp(143,30): warning C4305: 'initializing': truncation from 'double' to 'GLfloat'
D:\OpenGL\BaiTHso3_2_project_Cube\GLSLExperiment\example1.cpp(143,44): warning C4305: 'initializing': truncation from 'double' to 'GLfloat'
D:\OpenGL\BaiTHso3_2_project_Cube\GLSLExperiment\example1.cpp(144,13): warning C4305: 'initializing': truncation from 'double' to 'GLfloat'
D:\OpenGL\BaiTHso3_2_project_Cube\GLSLExperiment\example1.cpp(144,33): warning C4305: 'initializing': truncation from 'double' to 'GLfloat'
D:\OpenGL\BaiTHso3_2_project_Cube\GLSLExperiment\example1.cpp(144,52): warning C4305: 'initializing': truncation from 'double' to 'GLfloat'
D:\OpenGL\BaiTHso3_2_project_Cube\GLSLExperiment\example1.cpp(145,13): warning C4305: 'initializing': truncation from 'double' to 'GLfloat'
D:\OpenGL\BaiTHso3_2_project_Cube\GLSLExperiment\example1.cpp(145,33): warning C4305: 'initializing': truncation from 'double' to 'GLfloat'
D:\OpenGL\BaiTHso3_2_project_Cube\GLSLExperiment\example1.cpp(145,53): warning C4305: 'initializing': truncation from 'double' to 'GLfloat'
D:\OpenGL\BaiTHso3_2_project_Cube\GLSLExperiment\example1.cpp(146,8): warning C4305: 'initializing': truncation from 'double' to 'GLfloat'
D:\OpenGL\BaiTHso3_2_project_Cube\GLSLExperiment\example1.cpp(150,29): warning C4305: 'argument': truncation from 'double' to 'const GLfloat'
D:\OpenGL\BaiTHso3_2_project_Cube\GLSLExperiment\example1.cpp(150,23): warning C4305: 'argument': truncation from 'double' to 'const GLfloat'
D:\OpenGL\BaiTHso3_2_project_Cube\GLSLExperiment\example1.cpp(150,18): warning C4305: 'argument': truncation from 'double' to 'const GLfloat'
D:\OpenGL\BaiTHso3_2_project_Cube\GLSLExperiment\example1.cpp(159,34): warning C4244: 'argument': conversion from 'double' to 'const GLfloat', possible loss of data
D:\OpenGL\BaiTHso3_2_project_Cube\GLSLExperiment\example1.cpp(167,34): warning C4244: 'argument': conversion from 'double' to 'const GLfloat', possible loss of data
D:\OpenGL\BaiTHso3_2_project_Cube\GLSLExperiment\example1.cpp(174,34): warning C4244: 'argument': conversion from 'double' to 'const GLfloat', possible loss of data
D:\OpenGL\BaiTHso3_2_project_Cube\GLSLExperiment\example1.cpp(199,34): warning C4244: 'argument': conversion from 'double' to 'const GLfloat', possible loss of data
D:\OpenGL\BaiTHso3_2_project_Cube\GLSLExperiment\example1.cpp(207,34): warning C4244: 'argument': conversion from 'double' to 'const GLfloat', possible loss of data
D:\OpenGL\BaiTHso3_2_project_Cube\GLSLExperiment\example1.cpp(214,34): warning C4244: 'argument': conversion from 'double' to 'const GLfloat', possible loss of data
D:\OpenGL\BaiTHso3_2_project_Cube\GLSLExperiment\example1.cpp(240,25): warning C4305: 'argument': truncation from 'double' to 'const GLfloat'
D:\OpenGL\BaiTHso3_2_project_Cube\GLSLExperiment\example1.cpp(240,52): warning C4305: 'argument': truncation from 'double' to 'const GLfloat'
D:\OpenGL\BaiTHso3_2_project_Cube\GLSLExperiment\example1.cpp(240,47): warning C4305: 'argument': truncation from 'double' to 'const GLfloat'
D:\OpenGL\BaiTHso3_2_project_Cube\GLSLExperiment\example1.cpp(240,41): warning C4305: 'argument': truncation from 'double' to 'const GLfloat'
D:\OpenGL\BaiTHso3_2_project_Cube\GLSLExperiment\example1.cpp(245,35): warning C4305: 'argument': truncation from 'double' to 'const GLfloat'
D:\OpenGL\BaiTHso3_2_project_Cube\GLSLExperiment\example1.cpp(245,29): warning C4305: 'argument': truncation from 'double' to 'const GLfloat'
D:\OpenGL\BaiTHso3_2_project_Cube\GLSLExperiment\example1.cpp(245,23): warning C4305: 'argument': truncation from 'double' to 'const GLfloat'
D:\OpenGL\BaiTHso3_2_project_Cube\GLSLExperiment\example1.cpp(245,61): warning C4305: 'argument': truncation from 'double' to 'const GLfloat'
D:\OpenGL\BaiTHso3_2_project_Cube\GLSLExperiment\example1.cpp(245,55): warning C4305: 'argument': truncation from 'double' to 'const GLfloat'
D:\OpenGL\BaiTHso3_2_project_Cube\GLSLExperiment\example1.cpp(245,49): warning C4305: 'argument': truncation from 'double' to 'const GLfloat'
D:\OpenGL\BaiTHso3_2_project_Cube\GLSLExperiment\example1.cpp(250,34): warning C4305: 'argument': truncation from 'double' to 'const GLfloat'
D:\OpenGL\BaiTHso3_2_project_Cube\GLSLExperiment\example1.cpp(250,28): warning C4305: 'argument': truncation from 'double' to 'const GLfloat'
D:\OpenGL\BaiTHso3_2_project_Cube\GLSLExperiment\example1.cpp(250,22): warning C4305: 'argument': truncation from 'double' to 'const GLfloat'
D:\OpenGL\BaiTHso3_2_project_Cube\GLSLExperiment\example1.cpp(250,60): warning C4305: 'argument': truncation from 'double' to 'const GLfloat'
D:\OpenGL\BaiTHso3_2_project_Cube\GLSLExperiment\example1.cpp(250,54): warning C4305: 'argument': truncation from 'double' to 'const GLfloat'
D:\OpenGL\BaiTHso3_2_project_Cube\GLSLExperiment\example1.cpp(250,48): warning C4305: 'argument': truncation from 'double' to 'const GLfloat'
D:\OpenGL\BaiTHso3_2_project_Cube\GLSLExperiment\example1.cpp(258,23): warning C4305: 'argument': truncation from 'double' to 'const GLfloat'
D:\OpenGL\BaiTHso3_2_project_Cube\GLSLExperiment\example1.cpp(258,57): warning C4305: 'argument': truncation from 'double' to 'const GLfloat'
D:\OpenGL\BaiTHso3_2_project_Cube\GLSLExperiment\example1.cpp(258,46): warning C4305: 'argument': truncation from 'double' to 'const GLfloat'
D:\OpenGL\BaiTHso3_2_project_Cube\GLSLExperiment\example1.cpp(269,22): warning C4305: 'argument': truncation from 'double' to 'const GLfloat'
D:\OpenGL\BaiTHso3_2_project_Cube\GLSLExperiment\example1.cpp(269,56): warning C4305: 'argument': truncation from 'double' to 'const GLfloat'
D:\OpenGL\BaiTHso3_2_project_Cube\GLSLExperiment\example1.cpp(269,45): warning C4305: 'argument': truncation from 'double' to 'const GLfloat'
D:\OpenGL\BaiTHso3_2_project_Cube\GLSLExperiment\example1.cpp(301,31): warning C4305: 'argument': truncation from 'double' to 'const GLfloat'
D:\OpenGL\BaiTHso3_2_project_Cube\GLSLExperiment\example1.cpp(301,25): warning C4305: 'argument': truncation from 'double' to 'const GLfloat'
D:\OpenGL\BaiTHso3_2_project_Cube\GLSLExperiment\example1.cpp(301,55): warning C4305: 'argument': truncation from 'double' to 'const GLfloat'
D:\OpenGL\BaiTHso3_2_project_Cube\GLSLExperiment\example1.cpp(301,49): warning C4305: 'argument': truncation from 'double' to 'const GLfloat'
D:\OpenGL\BaiTHso3_2_project_Cube\GLSLExperiment\example1.cpp(301,44): warning C4305: 'argument': truncation from 'double' to 'const GLfloat'
D:\OpenGL\BaiTHso3_2_project_Cube\GLSLExperiment\example1.cpp(305,28): warning C4305: 'argument': truncation from 'double' to 'const GLfloat'
D:\OpenGL\BaiTHso3_2_project_Cube\GLSLExperiment\example1.cpp(305,23): warning C4305: 'argument': truncation from 'double' to 'const GLfloat'
D:\OpenGL\BaiTHso3_2_project_Cube\GLSLExperiment\example1.cpp(305,18): warning C4305: 'argument': truncation from 'double' to 'const GLfloat'
D:\OpenGL\BaiTHso3_2_project_Cube\GLSLExperiment\example1.cpp(319,34): warning C4244: 'argument': conversion from 'double' to 'const GLfloat', possible loss of data
D:\OpenGL\BaiTHso3_2_project_Cube\GLSLExperiment\example1.cpp(327,34): warning C4244: 'argument': conversion from 'double' to 'const GLfloat', possible loss of data
D:\OpenGL\BaiTHso3_2_project_Cube\GLSLExperiment\example1.cpp(334,34): warning C4244: 'argument': conversion from 'double' to 'const GLfloat', possible loss of data
D:\OpenGL\BaiTHso3_2_project_Cube\GLSLExperiment\example1.cpp(345,57): warning C4305: 'argument': truncation from 'double' to 'const GLfloat'
D:\OpenGL\BaiTHso3_2_project_Cube\GLSLExperiment\example1.cpp(359,34): warning C4244: 'argument': conversion from 'double' to 'const GLfloat', possible loss of data
D:\OpenGL\BaiTHso3_2_project_Cube\GLSLExperiment\example1.cpp(367,34): warning C4244: 'argument': conversion from 'double' to 'const GLfloat', possible loss of data
D:\OpenGL\BaiTHso3_2_project_Cube\GLSLExperiment\example1.cpp(374,34): warning C4244: 'argument': conversion from 'double' to 'const GLfloat', possible loss of data
D:\OpenGL\BaiTHso3_2_project_Cube\GLSLExperiment\example1.cpp(382,57): warning C4305: 'argument': truncation from 'double' to 'const GLfloat'
D:\OpenGL\BaiTHso3_2_project_Cube\GLSLExperiment\example1.cpp(397,25): warning C4305: 'argument': truncation from 'double' to 'const GLfloat'
D:\OpenGL\BaiTHso3_2_project_Cube\GLSLExperiment\example1.cpp(397,52): warning C4305: 'argument': truncation from 'double' to 'const GLfloat'
D:\OpenGL\BaiTHso3_2_project_Cube\GLSLExperiment\example1.cpp(397,47): warning C4305: 'argument': truncation from 'double' to 'const GLfloat'
D:\OpenGL\BaiTHso3_2_project_Cube\GLSLExperiment\example1.cpp(397,41): warning C4305: 'argument': truncation from 'double' to 'const GLfloat'
D:\OpenGL\BaiTHso3_2_project_Cube\GLSLExperiment\example1.cpp(401,25): warning C4305: 'argument': truncation from 'double' to 'const GLfloat'
D:\OpenGL\BaiTHso3_2_project_Cube\GLSLExperiment\example1.cpp(401,52): warning C4305: 'argument': truncation from 'double' to 'const GLfloat'
D:\OpenGL\BaiTHso3_2_project_Cube\GLSLExperiment\example1.cpp(401,47): warning C4305: 'argument': truncation from 'double' to 'const GLfloat'
D:\OpenGL\BaiTHso3_2_project_Cube\GLSLExperiment\example1.cpp(401,41): warning C4305: 'argument': truncation from 'double' to 'const GLfloat'
D:\OpenGL\BaiTHso3_2_project_Cube\GLSLExperiment\example1.cpp(406,35): warning C4305: 'argument': truncation from 'double' to 'const GLfloat'
D:\OpenGL\BaiTHso3_2_project_Cube\GLSLExperiment\example1.cpp(406,29): warning C4305: 'argument': truncation from 'double' to 'const GLfloat'
D:\OpenGL\BaiTHso3_2_project_Cube\GLSLExperiment\example1.cpp(406,23): warning C4305: 'argument': truncation from 'double' to 'const GLfloat'
D:\OpenGL\BaiTHso3_2_project_Cube\GLSLExperiment\example1.cpp(406,61): warning C4305: 'argument': truncation from 'double' to 'const GLfloat'
D:\OpenGL\BaiTHso3_2_project_Cube\GLSLExperiment\example1.cpp(406,55): warning C4305: 'argument': truncation from 'double' to 'const GLfloat'
D:\OpenGL\BaiTHso3_2_project_Cube\GLSLExperiment\example1.cpp(406,49): warning C4305: 'argument': truncation from 'double' to 'const GLfloat'
D:\OpenGL\BaiTHso3_2_project_Cube\GLSLExperiment\example1.cpp(411,34): warning C4305: 'argument': truncation from 'double' to 'const GLfloat'
D:\OpenGL\BaiTHso3_2_project_Cube\GLSLExperiment\example1.cpp(411,28): warning C4305: 'argument': truncation from 'double' to 'const GLfloat'
D:\OpenGL\BaiTHso3_2_project_Cube\GLSLExperiment\example1.cpp(411,22): warning C4305: 'argument': truncation from 'double' to 'const GLfloat'
D:\OpenGL\BaiTHso3_2_project_Cube\GLSLExperiment\example1.cpp(411,60): warning C4305: 'argument': truncation from 'double' to 'const GLfloat'
D:\OpenGL\BaiTHso3_2_project_Cube\GLSLExperiment\example1.cpp(411,54): warning C4305: 'argument': truncation from 'double' to 'const GLfloat'
D:\OpenGL\BaiTHso3_2_project_Cube\GLSLExperiment\example1.cpp(411,48): warning C4305: 'argument': truncation from 'double' to 'const GLfloat'
D:\OpenGL\BaiTHso3_2_project_Cube\GLSLExperiment\example1.cpp(419,23): warning C4305: 'argument': truncation from 'double' to 'const GLfloat'
D:\OpenGL\BaiTHso3_2_project_Cube\GLSLExperiment\example1.cpp(419,57): warning C4305: 'argument': truncation from 'double' to 'const GLfloat'
D:\OpenGL\BaiTHso3_2_project_Cube\GLSLExperiment\example1.cpp(419,46): warning C4305: 'argument': truncation from 'double' to 'const GLfloat'
D:\OpenGL\BaiTHso3_2_project_Cube\GLSLExperiment\example1.cpp(430,22): warning C4305: 'argument': truncation from 'double' to 'const GLfloat'
D:\OpenGL\BaiTHso3_2_project_Cube\GLSLExperiment\example1.cpp(430,56): warning C4305: 'argument': truncation from 'double' to 'const GLfloat'
D:\OpenGL\BaiTHso3_2_project_Cube\GLSLExperiment\example1.cpp(430,45): warning C4305: 'argument': truncation from 'double' to 'const GLfloat'
D:\OpenGL\BaiTHso3_2_project_Cube\GLSLExperiment\example1.cpp(458,26): warning C4305: 'argument': truncation from 'double' to 'const GLfloat'
D:\OpenGL\BaiTHso3_2_project_Cube\GLSLExperiment\example1.cpp(458,45): warning C4305: 'argument': truncation from 'double' to 'const GLfloat'
D:\OpenGL\BaiTHso3_2_project_Cube\GLSLExperiment\example1.cpp(616,12): warning C4305: '+=': truncation from 'double' to 'GLfloat'
D:\OpenGL\BaiTHso3_2_project_Cube\GLSLExperiment\example1.cpp(617,20): warning C4305: '=': truncation from 'double' to 'GLfloat'
D:\OpenGL\BaiTHso3_2_project_Cube\GLSLExperiment\example1.cpp(628,12): warning C4305: '-=': truncation from 'double' to 'GLfloat'
D:\OpenGL\BaiTHso3_2_project_Cube\GLSLExperiment\example1.cpp(629,22): warning C4305: '=': truncation from 'double' to 'GLfloat'
  GLSLExperiment.vcxproj -> D:\OpenGL\BaiTHso3_2_project_Cube\Debug\GLSLExperiment.exe
